<?xml version="1.0" encoding="UTF-8"?>
<!-- Generated by org.testng.reporters.JUnitReportReporter -->
<testsuite hostname="TusharPC" failures="0" tests="1" name="validateWebsite.TestSteps" time="26.233" errors="0" timestamp="18 Jun 2023 20:42:20 GMT" skipped="0">
  <testcase classname="validateWebsite.TestSteps" name="selectMonthInDropdown" time="26.233"/>
</testsuite> <!-- validateWebsite.TestSteps -->
